<?xml version="1.0" encoding="UTF-8"?>
<testsuite name="EcommerceProject Test"
           tests="5"
           failures="0"
           errors="0"
           skipped="0"
           time="71.210">
  <properties />
  
  
            <testcase name="runScenario" time="22.521" classname="com.automation.testrunner.TestRunner" />
                <testcase name="runScenario" time="12.052" classname="com.automation.testrunner.TestRunner" />
                <testcase name="runScenario" time="13.032" classname="com.automation.testrunner.TestRunner" />
                <testcase name="runScenario" time="11.152" classname="com.automation.testrunner.TestRunner" />
                <testcase name="runScenario" time="12.453" classname="com.automation.testrunner.TestRunner" />
      
</testsuite>
