<?xml version="1.0" encoding="UTF-8"?>
<testng-results skipped="0" failed="0" ignored="0" total="1" passed="1">
  <reporter-output>
  </reporter-output>
  <suite name="EcommerceProject" duration-ms="47075" started-at="2020-04-03T15:13:33 IST" finished-at="2020-04-03T15:14:20 IST">
    <groups>
      <group name="cucumber">
        <method signature="AbstractTestNGCucumberTests.runScenario(io.cucumber.testng.PickleWrapper, io.cucumber.testng.FeatureWrapper)[pri:0, instance:com.automation.testrunner.Runner@32d2fa64]" name="runScenario" class="io.cucumber.testng.AbstractTestNGCucumberTests"/>
      </group> <!-- cucumber -->
    </groups>
    <test name="EcommerceProject Tests" duration-ms="47075" started-at="2020-04-03T15:13:33 IST" finished-at="2020-04-03T15:14:20 IST">
      <class name="com.automation.testrunner.Runner">
        <test-method status="PASS" signature="setUpClass()[pri:0, instance:com.automation.testrunner.Runner@32d2fa64]" name="setUpClass" is-config="true" duration-ms="898" started-at="2020-04-03T15:13:33 IST" finished-at="2020-04-03T15:13:34 IST">
          <reporter-output>
          </reporter-output>
        </test-method> <!-- setUpClass -->
        <test-method status="PASS" signature="runScenario(io.cucumber.testng.PickleWrapper, io.cucumber.testng.FeatureWrapper)[pri:0, instance:com.automation.testrunner.Runner@32d2fa64]" name="runScenario" duration-ms="36872" started-at="2020-04-03T15:13:34 IST" description="Runs Cucumber Scenarios" data-provider="scenarios" finished-at="2020-04-03T15:14:11 IST">
          <params>
            <param index="0">
              <value>
                <![CDATA["Create Account using sign in link"]]>
              </value>
            </param>
            <param index="1">
              <value>
                <![CDATA["Create Account feature"]]>
              </value>
            </param>
          </params>
          <reporter-output>
          </reporter-output>
        </test-method> <!-- runScenario -->
        <test-method status="PASS" signature="tearDownClass()[pri:0, instance:com.automation.testrunner.Runner@32d2fa64]" name="tearDownClass" is-config="true" duration-ms="8803" started-at="2020-04-03T15:14:11 IST" finished-at="2020-04-03T15:14:20 IST">
          <reporter-output>
          </reporter-output>
        </test-method> <!-- tearDownClass -->
      </class> <!-- com.automation.testrunner.Runner -->
    </test> <!-- EcommerceProject Tests -->
  </suite> <!-- EcommerceProject -->
</testng-results>
